<?xml version="1.0" encoding="UTF-8"?>
<!-- Generated by org.testng.reporters.JUnitReportReporter -->
<testsuite skipped="2" hostname="gh-PC" name="simpleMode.SimpleModeTest" tests="2" failures="0" timestamp="2020-03-24T16:10:43 CST" time="0.000" errors="0">
  <testcase name="openSimpleMode" time="0.000" classname="simpleMode.SimpleModeTest">
    <skipped/>
  </testcase> <!-- openSimpleMode -->
  <system-out/>
  <testcase name="simpleModeOpenApp" time="0.000" classname="simpleMode.SimpleModeTest">
    <skipped/>
  </testcase> <!-- simpleModeOpenApp -->
  <system-out/>
</testsuite> <!-- simpleMode.SimpleModeTest -->
