<?xml version="1.0" encoding="UTF-8"?>
<!-- Generated by org.testng.reporters.JUnitReportReporter -->
<testsuite skipped="0" hostname="gh-PC" name="contacts.ContactsTest" tests="3" failures="0" timestamp="2020-03-25T09:20:41 CST" time="16.318" errors="3">
  <testcase name="addContacts" time="5.460" classname="contacts.ContactsTest">
    <error type="java.lang.NullPointerException">
      <![CDATA[java.lang.NullPointerException
at contacts.ContactsTest.addContacts(ContactsTest.java:35)
at sun.reflect.NativeMethodAccessorImpl.invoke0(Native Method)
at sun.reflect.NativeMethodAccessorImpl.invoke(NativeMethodAccessorImpl.java:62)
at sun.reflect.DelegatingMethodAccessorImpl.invoke(DelegatingMethodAccessorImpl.java:43)
at java.lang.reflect.Method.invoke(Method.java:498)
at org.testng.internal.MethodInvocationHelper.invokeMethod(MethodInvocationHelper.java:134)
at org.testng.internal.TestInvoker.invokeMethod(TestInvoker.java:597)
at org.testng.internal.TestInvoker.invokeTestMethod(TestInvoker.java:173)
at org.testng.internal.MethodRunner.runInSequence(MethodRunner.java:46)
at org.testng.internal.TestInvoker$MethodInvocationAgent.invoke(TestInvoker.java:816)
at org.testng.internal.TestInvoker.invokeTestMethods(TestInvoker.java:146)
at org.testng.internal.TestMethodWorker.invokeTestMethods(TestMethodWorker.java:146)
at org.testng.internal.TestMethodWorker.run(TestMethodWorker.java:128)
at java.util.concurrent.ThreadPoolExecutor.runWorker(ThreadPoolExecutor.java:1149)
at java.util.concurrent.ThreadPoolExecutor$Worker.run(ThreadPoolExecutor.java:624)
at java.lang.Thread.run(Thread.java:748)
]]>
    </error>
  </testcase> <!-- addContacts -->
  <system-out>
<a href=E:\testProjects\ZengQiang\screenshots1\addContacts.png target=_blank>Failed Screen Shot</a> <a href=E:\testProjects\ZengQiang\screenshots1\addContacts.png target=_blank>Failed Screen Shot</a> <a href=E:\testProjects\ZengQiang\screenshots1\addContacts.png target=_blank>Failed Screen Shot</a>  </system-out>
  <testcase name="editContacts" time="5.523" classname="contacts.ContactsTest">
    <error type="java.lang.NullPointerException">
      <![CDATA[java.lang.NullPointerException
at contacts.ContactsTest.editContacts(ContactsTest.java:54)
at sun.reflect.NativeMethodAccessorImpl.invoke0(Native Method)
at sun.reflect.NativeMethodAccessorImpl.invoke(NativeMethodAccessorImpl.java:62)
at sun.reflect.DelegatingMethodAccessorImpl.invoke(DelegatingMethodAccessorImpl.java:43)
at java.lang.reflect.Method.invoke(Method.java:498)
at org.testng.internal.MethodInvocationHelper.invokeMethod(MethodInvocationHelper.java:134)
at org.testng.internal.TestInvoker.invokeMethod(TestInvoker.java:597)
at org.testng.internal.TestInvoker.invokeTestMethod(TestInvoker.java:173)
at org.testng.internal.MethodRunner.runInSequence(MethodRunner.java:46)
at org.testng.internal.TestInvoker$MethodInvocationAgent.invoke(TestInvoker.java:816)
at org.testng.internal.TestInvoker.invokeTestMethods(TestInvoker.java:146)
at org.testng.internal.TestMethodWorker.invokeTestMethods(TestMethodWorker.java:146)
at org.testng.internal.TestMethodWorker.run(TestMethodWorker.java:128)
at java.util.concurrent.ThreadPoolExecutor.runWorker(ThreadPoolExecutor.java:1149)
at java.util.concurrent.ThreadPoolExecutor$Worker.run(ThreadPoolExecutor.java:624)
at java.lang.Thread.run(Thread.java:748)
]]>
    </error>
  </testcase> <!-- editContacts -->
  <system-out>
<a href=E:\testProjects\ZengQiang\screenshots1\editContacts.png target=_blank>Failed Screen Shot</a> <a href=E:\testProjects\ZengQiang\screenshots1\editContacts.png target=_blank>Failed Screen Shot</a> <a href=E:\testProjects\ZengQiang\screenshots1\editContacts.png target=_blank>Failed Screen Shot</a>  </system-out>
  <testcase name="deleteContacts" time="5.335" classname="contacts.ContactsTest">
    <error type="java.lang.NullPointerException">
      <![CDATA[java.lang.NullPointerException
at contacts.ContactsTest.deleteContacts(ContactsTest.java:75)
at sun.reflect.NativeMethodAccessorImpl.invoke0(Native Method)
at sun.reflect.NativeMethodAccessorImpl.invoke(NativeMethodAccessorImpl.java:62)
at sun.reflect.DelegatingMethodAccessorImpl.invoke(DelegatingMethodAccessorImpl.java:43)
at java.lang.reflect.Method.invoke(Method.java:498)
at org.testng.internal.MethodInvocationHelper.invokeMethod(MethodInvocationHelper.java:134)
at org.testng.internal.TestInvoker.invokeMethod(TestInvoker.java:597)
at org.testng.internal.TestInvoker.invokeTestMethod(TestInvoker.java:173)
at org.testng.internal.MethodRunner.runInSequence(MethodRunner.java:46)
at org.testng.internal.TestInvoker$MethodInvocationAgent.invoke(TestInvoker.java:816)
at org.testng.internal.TestInvoker.invokeTestMethods(TestInvoker.java:146)
at org.testng.internal.TestMethodWorker.invokeTestMethods(TestMethodWorker.java:146)
at org.testng.internal.TestMethodWorker.run(TestMethodWorker.java:128)
at java.util.concurrent.ThreadPoolExecutor.runWorker(ThreadPoolExecutor.java:1149)
at java.util.concurrent.ThreadPoolExecutor$Worker.run(ThreadPoolExecutor.java:624)
at java.lang.Thread.run(Thread.java:748)
]]>
    </error>
  </testcase> <!-- deleteContacts -->
  <system-out>
<a href=E:\testProjects\ZengQiang\screenshots1\deleteContacts.png target=_blank>Failed Screen Shot</a> <a href=E:\testProjects\ZengQiang\screenshots1\deleteContacts.png target=_blank>Failed Screen Shot</a> <a href=E:\testProjects\ZengQiang\screenshots1\deleteContacts.png target=_blank>Failed Screen Shot</a>  </system-out>
</testsuite> <!-- contacts.ContactsTest -->
