<?xml version="1.0" encoding="UTF-8"?>
<!-- Generated by org.testng.reporters.JUnitReportReporter -->
<testsuite skipped="2" hostname="gh-PC" name="ustar.UstarTest" tests="2" failures="0" timestamp="2020-03-24T16:10:43 CST" time="0.000" errors="0">
  <testcase name="ustarLocation" time="0.000" classname="ustar.UstarTest">
    <skipped/>
  </testcase> <!-- ustarLocation -->
  <system-out/>
  <testcase name="hotStartLocationTime" time="0.000" classname="ustar.UstarTest">
    <skipped/>
  </testcase> <!-- hotStartLocationTime -->
  <system-out/>
</testsuite> <!-- ustar.UstarTest -->
