<?xml version="1.0" encoding="UTF-8"?>
<!-- Generated by org.testng.reporters.JUnitReportReporter -->
<testsuite skipped="0" hostname="gh-PC" name="fileExplorer.FileExplorerTest" tests="2" failures="0" timestamp="2020-03-25T09:20:41 CST" time="0.266" errors="0">
  <testcase name="pullFileToPc" time="0.125" classname="fileExplorer.FileExplorerTest"/>
  <system-out/>
  <testcase name="pushFileToDevice" time="0.141" classname="fileExplorer.FileExplorerTest"/>
  <system-out/>
</testsuite> <!-- fileExplorer.FileExplorerTest -->
