<?xml version="1.0" encoding="UTF-8"?>
<!-- Generated by org.testng.reporters.JUnitReportReporter -->
<testsuite skipped="0" hostname="gh-PC" name="calendar.CalendarTest" tests="3" failures="0" timestamp="2020-03-25T09:20:41 CST" time="42.058" errors="0">
  <testcase name="openCalendar" time="2.137" classname="calendar.CalendarTest"/>
  <system-out/>
  <testcase name="newSchedule" time="27.691" classname="calendar.CalendarTest"/>
  <system-out/>
  <testcase name="deleteSchedule" time="12.230" classname="calendar.CalendarTest"/>
  <system-out/>
</testsuite> <!-- calendar.CalendarTest -->
