<?xml version="1.0" encoding="UTF-8"?>
<!-- Generated by org.testng.reporters.JUnitReportReporter -->
<testsuite skipped="2" hostname="gh-PC" name="sos.SosTest" tests="2" failures="0" timestamp="2020-03-24T16:10:43 CST" time="0.000" errors="0">
  <testcase name="handLocationSendSos" time="0.000" classname="sos.SosTest">
    <skipped/>
  </testcase> <!-- handLocationSendSos -->
  <system-out/>
  <testcase name="locationSendSos" time="0.000" classname="sos.SosTest">
    <skipped/>
  </testcase> <!-- locationSendSos -->
  <system-out/>
</testsuite> <!-- sos.SosTest -->
