<?xml version="1.0" encoding="UTF-8"?>
<!-- Generated by org.testng.reporters.JUnitReportReporter -->
<testsuite skipped="0" hostname="gh-PC" name="notepad.NotepadTest" tests="4" failures="0" timestamp="2020-03-25T09:20:41 CST" time="21.581" errors="4">
  <testcase name="createHandwritingNote" time="5.506" classname="notepad.NotepadTest">
    <error type="java.lang.NullPointerException">
      <![CDATA[java.lang.NullPointerException
at notepad.NotepadTest.createHandwritingNote(NotepadTest.java:98)
at sun.reflect.NativeMethodAccessorImpl.invoke0(Native Method)
at sun.reflect.NativeMethodAccessorImpl.invoke(NativeMethodAccessorImpl.java:62)
at sun.reflect.DelegatingMethodAccessorImpl.invoke(DelegatingMethodAccessorImpl.java:43)
at java.lang.reflect.Method.invoke(Method.java:498)
at org.testng.internal.MethodInvocationHelper.invokeMethod(MethodInvocationHelper.java:134)
at org.testng.internal.TestInvoker.invokeMethod(TestInvoker.java:597)
at org.testng.internal.TestInvoker.invokeTestMethod(TestInvoker.java:173)
at org.testng.internal.MethodRunner.runInSequence(MethodRunner.java:46)
at org.testng.internal.TestInvoker$MethodInvocationAgent.invoke(TestInvoker.java:816)
at org.testng.internal.TestInvoker.invokeTestMethods(TestInvoker.java:146)
at org.testng.internal.TestMethodWorker.invokeTestMethods(TestMethodWorker.java:146)
at org.testng.internal.TestMethodWorker.run(TestMethodWorker.java:128)
at java.util.concurrent.ThreadPoolExecutor.runWorker(ThreadPoolExecutor.java:1149)
at java.util.concurrent.ThreadPoolExecutor$Worker.run(ThreadPoolExecutor.java:624)
at java.lang.Thread.run(Thread.java:748)
]]>
    </error>
  </testcase> <!-- createHandwritingNote -->
  <system-out>
<a href=E:\testProjects\ZengQiang\screenshots1\createHandwritingNote.png target=_blank>Failed Screen Shot</a> <a href=E:\testProjects\ZengQiang\screenshots1\createHandwritingNote.png target=_blank>Failed Screen Shot</a> <a href=E:\testProjects\ZengQiang\screenshots1\createHandwritingNote.png target=_blank>Failed Screen Shot</a> <a href=E:\testProjects\ZengQiang\screenshots1\createHandwritingNote.png target=_blank>Failed Screen Shot</a>  </system-out>
  <testcase name="createRecordingNote" time="5.102" classname="notepad.NotepadTest">
    <error type="java.lang.NullPointerException">
      <![CDATA[java.lang.NullPointerException
at notepad.NotepadTest.createRecordingNote(NotepadTest.java:121)
at sun.reflect.NativeMethodAccessorImpl.invoke0(Native Method)
at sun.reflect.NativeMethodAccessorImpl.invoke(NativeMethodAccessorImpl.java:62)
at sun.reflect.DelegatingMethodAccessorImpl.invoke(DelegatingMethodAccessorImpl.java:43)
at java.lang.reflect.Method.invoke(Method.java:498)
at org.testng.internal.MethodInvocationHelper.invokeMethod(MethodInvocationHelper.java:134)
at org.testng.internal.TestInvoker.invokeMethod(TestInvoker.java:597)
at org.testng.internal.TestInvoker.invokeTestMethod(TestInvoker.java:173)
at org.testng.internal.MethodRunner.runInSequence(MethodRunner.java:46)
at org.testng.internal.TestInvoker$MethodInvocationAgent.invoke(TestInvoker.java:816)
at org.testng.internal.TestInvoker.invokeTestMethods(TestInvoker.java:146)
at org.testng.internal.TestMethodWorker.invokeTestMethods(TestMethodWorker.java:146)
at org.testng.internal.TestMethodWorker.run(TestMethodWorker.java:128)
at java.util.concurrent.ThreadPoolExecutor.runWorker(ThreadPoolExecutor.java:1149)
at java.util.concurrent.ThreadPoolExecutor$Worker.run(ThreadPoolExecutor.java:624)
at java.lang.Thread.run(Thread.java:748)
]]>
    </error>
  </testcase> <!-- createRecordingNote -->
  <system-out>
<a href=E:\testProjects\ZengQiang\screenshots1\createRecordingNote.png target=_blank>Failed Screen Shot</a> <a href=E:\testProjects\ZengQiang\screenshots1\createRecordingNote.png target=_blank>Failed Screen Shot</a> <a href=E:\testProjects\ZengQiang\screenshots1\createRecordingNote.png target=_blank>Failed Screen Shot</a> <a href=E:\testProjects\ZengQiang\screenshots1\createRecordingNote.png target=_blank>Failed Screen Shot</a>  </system-out>
  <testcase name="createPictureNote" time="5.382" classname="notepad.NotepadTest">
    <error type="java.lang.NullPointerException">
      <![CDATA[java.lang.NullPointerException
at notepad.NotepadTest.createPictureNote(NotepadTest.java:73)
at sun.reflect.NativeMethodAccessorImpl.invoke0(Native Method)
at sun.reflect.NativeMethodAccessorImpl.invoke(NativeMethodAccessorImpl.java:62)
at sun.reflect.DelegatingMethodAccessorImpl.invoke(DelegatingMethodAccessorImpl.java:43)
at java.lang.reflect.Method.invoke(Method.java:498)
at org.testng.internal.MethodInvocationHelper.invokeMethod(MethodInvocationHelper.java:134)
at org.testng.internal.TestInvoker.invokeMethod(TestInvoker.java:597)
at org.testng.internal.TestInvoker.invokeTestMethod(TestInvoker.java:173)
at org.testng.internal.MethodRunner.runInSequence(MethodRunner.java:46)
at org.testng.internal.TestInvoker$MethodInvocationAgent.invoke(TestInvoker.java:816)
at org.testng.internal.TestInvoker.invokeTestMethods(TestInvoker.java:146)
at org.testng.internal.TestMethodWorker.invokeTestMethods(TestMethodWorker.java:146)
at org.testng.internal.TestMethodWorker.run(TestMethodWorker.java:128)
at java.util.concurrent.ThreadPoolExecutor.runWorker(ThreadPoolExecutor.java:1149)
at java.util.concurrent.ThreadPoolExecutor$Worker.run(ThreadPoolExecutor.java:624)
at java.lang.Thread.run(Thread.java:748)
]]>
    </error>
  </testcase> <!-- createPictureNote -->
  <system-out>
<a href=E:\testProjects\ZengQiang\screenshots1\createPictureNote.png target=_blank>Failed Screen Shot</a> <a href=E:\testProjects\ZengQiang\screenshots1\createPictureNote.png target=_blank>Failed Screen Shot</a> <a href=E:\testProjects\ZengQiang\screenshots1\createPictureNote.png target=_blank>Failed Screen Shot</a> <a href=E:\testProjects\ZengQiang\screenshots1\createPictureNote.png target=_blank>Failed Screen Shot</a>  </system-out>
  <testcase name="createTextNote" time="5.591" classname="notepad.NotepadTest">
    <error type="java.lang.NullPointerException">
      <![CDATA[java.lang.NullPointerException
at notepad.NotepadTest.createTextNote(NotepadTest.java:52)
at sun.reflect.NativeMethodAccessorImpl.invoke0(Native Method)
at sun.reflect.NativeMethodAccessorImpl.invoke(NativeMethodAccessorImpl.java:62)
at sun.reflect.DelegatingMethodAccessorImpl.invoke(DelegatingMethodAccessorImpl.java:43)
at java.lang.reflect.Method.invoke(Method.java:498)
at org.testng.internal.MethodInvocationHelper.invokeMethod(MethodInvocationHelper.java:134)
at org.testng.internal.TestInvoker.invokeMethod(TestInvoker.java:597)
at org.testng.internal.TestInvoker.invokeTestMethod(TestInvoker.java:173)
at org.testng.internal.MethodRunner.runInSequence(MethodRunner.java:46)
at org.testng.internal.TestInvoker$MethodInvocationAgent.invoke(TestInvoker.java:816)
at org.testng.internal.TestInvoker.invokeTestMethods(TestInvoker.java:146)
at org.testng.internal.TestMethodWorker.invokeTestMethods(TestMethodWorker.java:146)
at org.testng.internal.TestMethodWorker.run(TestMethodWorker.java:128)
at java.util.concurrent.ThreadPoolExecutor.runWorker(ThreadPoolExecutor.java:1149)
at java.util.concurrent.ThreadPoolExecutor$Worker.run(ThreadPoolExecutor.java:624)
at java.lang.Thread.run(Thread.java:748)
]]>
    </error>
  </testcase> <!-- createTextNote -->
  <system-out>
<a href=E:\testProjects\ZengQiang\screenshots1\createTextNote.png target=_blank>Failed Screen Shot</a> <a href=E:\testProjects\ZengQiang\screenshots1\createTextNote.png target=_blank>Failed Screen Shot</a> <a href=E:\testProjects\ZengQiang\screenshots1\createTextNote.png target=_blank>Failed Screen Shot</a> <a href=E:\testProjects\ZengQiang\screenshots1\createTextNote.png target=_blank>Failed Screen Shot</a>  </system-out>
</testsuite> <!-- notepad.NotepadTest -->
