<?xml version="1.0" encoding="UTF-8"?>
<!-- Generated by org.testng.reporters.JUnitReportReporter -->
<testsuite hostname="gh-PC" name="otherApps.StartAppTest" tests="11" failures="0" timestamp="31 Mar 2020 06:44:59 GMT" time="82.807" errors="0">
  <testcase name="openOppositeStar" time="1.920" classname="otherApps.StartAppTest"/>
  <testcase name="openCompass" time="33.541" classname="otherApps.StartAppTest"/>
  <testcase name="openCalculator" time="2.668" classname="otherApps.StartAppTest"/>
  <testcase name="openWps" time="4.540" classname="otherApps.StartAppTest"/>
  <testcase name="openInputmethod" time="3.229" classname="otherApps.StartAppTest"/>
  <testcase name="openGaller" time="4.742" classname="otherApps.StartAppTest"/>
  <testcase name="openSoundRecorder" time="2.481" classname="otherApps.StartAppTest"/>
  <testcase name="openMusic" time="9.422" classname="otherApps.StartAppTest"/>
  <testcase name="openMctools" time="4.867" classname="otherApps.StartAppTest"/>
  <testcase name="openBrowser" time="7.004" classname="otherApps.StartAppTest"/>
  <testcase name="openPttphone" time="8.393" classname="otherApps.StartAppTest"/>
</testsuite> <!-- otherApps.StartAppTest -->
