<?xml version="1.0" encoding="UTF-8"?>
<!-- Generated by org.testng.reporters.JUnitReportReporter -->
<testsuite hostname="gh-PC" name="dataService.DataServiceTest" tests="1" failures="0" timestamp="18 Mar 2020 09:22:03 GMT" time="7.333" errors="0">
  <testcase name="openWebpage" time="7.333" classname="dataService.DataServiceTest"/>
</testsuite> <!-- dataService.DataServiceTest -->
