<?xml version="1.0" encoding="UTF-8"?>
<!-- Generated by org.testng.reporters.JUnitReportReporter -->
<testsuite hostname="gh-PC" name="calendar.CopyOfCalendarTest" tests="1" failures="0" timestamp="7 Apr 2020 02:02:39 GMT" time="23.259" errors="0">
  <testcase name="openCalendar" time="23.259" classname="calendar.CopyOfCalendarTest"/>
</testsuite> <!-- calendar.CopyOfCalendarTest -->
