<?xml version="1.0" encoding="UTF-8"?>
<!-- Generated by org.testng.reporters.JUnitReportReporter -->
<testsuite hostname="gh-PC" name="contacts.ContactsTest" tests="3" failures="0" timestamp="10 Mar 2020 02:06:39 GMT" time="58.464" errors="0">
  <testcase name="deleteContacts" time="14.309" classname="contacts.ContactsTest"/>
  <testcase name="editContacts" time="21.353" classname="contacts.ContactsTest"/>
  <testcase name="addContacts" time="22.802" classname="contacts.ContactsTest"/>
</testsuite> <!-- contacts.ContactsTest -->
