<?xml version="1.0" encoding="UTF-8"?>
<!-- Generated by org.testng.reporters.JUnitReportReporter -->
<testsuite hostname="gh-PC" name="simpleMode.SimpleModeTest" tests="2" failures="0" timestamp="31 Mar 2020 06:44:59 GMT" time="17.679" errors="0">
  <testcase name="simpleModeOpenApp" time="16.009" classname="simpleMode.SimpleModeTest"/>
  <testcase name="openSimpleMode" time="1.670" classname="simpleMode.SimpleModeTest"/>
</testsuite> <!-- simpleMode.SimpleModeTest -->
