<?xml version="1.0" encoding="UTF-8"?>
<!-- Generated by org.testng.reporters.JUnitReportReporter -->
<testsuite hostname="gh-PC" name="sos.SosTest" tests="1" failures="0" timestamp="1 Apr 2020 06:13:53 GMT" time="33.416" errors="0">
  <testcase name="locationSendSos" time="33.416" classname="sos.SosTest"/>
</testsuite> <!-- sos.SosTest -->
