<?xml version="1.0" encoding="UTF-8"?>
<!-- Generated by org.testng.reporters.JUnitReportReporter -->
<testsuite hostname="gh-PC" name="fileExplorer.FileExplorerTest" tests="2" failures="0" timestamp="31 Mar 2020 06:44:59 GMT" time="0.484" errors="0">
  <testcase name="pushFileToDevice" time="0.265" classname="fileExplorer.FileExplorerTest"/>
  <testcase name="pullFileToPc" time="0.219" classname="fileExplorer.FileExplorerTest"/>
</testsuite> <!-- fileExplorer.FileExplorerTest -->
