<?xml version="1.0" encoding="UTF-8"?>
<!-- Generated by org.testng.reporters.JUnitReportReporter -->
<testsuite hostname="gh-PC" name="fileExplorer.FileExplorerTest" tests="2" failures="0" timestamp="19 Mar 2020 06:53:38 GMT" time="0.446" errors="0">
  <testcase name="pullFileToPc" time="0.217" classname="fileExplorer.FileExplorerTest"/>
  <testcase name="pushFileToDevice" time="0.229" classname="fileExplorer.FileExplorerTest"/>
</testsuite> <!-- fileExplorer.FileExplorerTest -->
