<?xml version="1.0" encoding="UTF-8"?>
<!-- Generated by org.testng.reporters.JUnitReportReporter -->
<testsuite hostname="gh-PC" name="calendar.CalendarTest" tests="3" failures="0" timestamp="19 Mar 2020 09:25:12 GMT" time="40.837" errors="0">
  <testcase name="openCalendar" time="0.188" classname="calendar.CalendarTest"/>
  <testcase name="newSchedule" time="28.737" classname="calendar.CalendarTest"/>
  <testcase name="deleteSchedule" time="11.912" classname="calendar.CalendarTest"/>
</testsuite> <!-- calendar.CalendarTest -->
