<?xml version="1.0" encoding="UTF-8"?>
<!-- Generated by org.testng.reporters.JUnitReportReporter -->
<testsuite hostname="gh-PC" name="notepad.NotepadTest" tests="1" failures="0" timestamp="12 Mar 2020 07:36:47 GMT" time="25.295" errors="0">
  <testcase name="createTextNote" time="25.295" classname="notepad.NotepadTest"/>
</testsuite> <!-- notepad.NotepadTest -->
