<?xml version="1.0" encoding="UTF-8"?>
<!-- Generated by org.testng.reporters.JUnitReportReporter -->
<testsuite hostname="gh-PC" name="contacts.ContactsTest" tests="3" failures="0" timestamp="31 Mar 2020 06:44:59 GMT" time="56.048" errors="0">
  <testcase name="deleteContacts" time="14.638" classname="contacts.ContactsTest"/>
  <testcase name="addContacts" time="21.098" classname="contacts.ContactsTest"/>
  <testcase name="editContacts" time="20.312" classname="contacts.ContactsTest"/>
</testsuite> <!-- contacts.ContactsTest -->
