<?xml version="1.0" encoding="UTF-8"?>
<!-- Generated by org.testng.reporters.JUnitReportReporter -->
<testsuite hostname="gh-PC" name="mms.MmsTest" tests="1" failures="0" timestamp="31 Mar 2020 06:44:59 GMT" time="89.107" errors="0">
  <testcase name="sendSms" time="89.107" classname="mms.MmsTest"/>
</testsuite> <!-- mms.MmsTest -->
