<?xml version="1.0" encoding="UTF-8"?>
<!-- Generated by org.testng.reporters.JUnitReportReporter -->
<testsuite hostname="gh-PC" name="dataService.DataServiceTest" tests="2" failures="0" timestamp="31 Mar 2020 08:23:43 GMT" time="57.320" errors="0">
  <testcase name="openDataService" time="50.876" classname="dataService.DataServiceTest"/>
  <testcase name="openWebpage" time="6.444" classname="dataService.DataServiceTest"/>
</testsuite> <!-- dataService.DataServiceTest -->
