<?xml version="1.0" encoding="UTF-8"?>
<!-- Generated by org.testng.reporters.JUnitReportReporter -->
<testsuite hostname="gh-PC" name="otherApps.NewTest" tests="1" failures="0" timestamp="19 Mar 2020 09:07:54 GMT" time="5.463" errors="0">
  <testcase name="openMusic" time="5.463" classname="otherApps.NewTest"/>
</testsuite> <!-- otherApps.NewTest -->
