<?xml version="1.0" encoding="UTF-8"?>
<!-- Generated by org.testng.reporters.JUnitReportReporter -->
<testsuite hostname="gh-PC" name="calendar.CalendarTest" tests="3" failures="0" timestamp="31 Mar 2020 06:44:59 GMT" time="42.527" errors="0">
  <testcase name="openCalendar" time="2.200" classname="calendar.CalendarTest"/>
  <testcase name="deleteSchedule" time="12.168" classname="calendar.CalendarTest"/>
  <testcase name="newSchedule" time="28.159" classname="calendar.CalendarTest"/>
</testsuite> <!-- calendar.CalendarTest -->
