<?xml version="1.0" encoding="UTF-8"?>
<!-- Generated by org.testng.reporters.JUnitReportReporter -->
<testsuite hostname="gh-PC" name="simpleMode.SimpleModeTest" tests="6" failures="0" timestamp="17 Mar 2020 05:33:27 GMT" time="88.856" errors="0">
  <testcase name="simpleModeOpenApp" time="16.943" classname="simpleMode.SimpleModeTest"/>
  <testcase name="simpleModeOpenApp" time="18.371" classname="simpleMode.SimpleModeTest"/>
  <testcase name="simpleModeOpenApp" time="16.632" classname="simpleMode.SimpleModeTest"/>
  <testcase name="openSimpleMode" time="3.037" classname="simpleMode.SimpleModeTest"/>
  <testcase name="simpleModeOpenApp" time="16.856" classname="simpleMode.SimpleModeTest"/>
  <testcase name="simpleModeOpenApp" time="17.017" classname="simpleMode.SimpleModeTest"/>
</testsuite> <!-- simpleMode.SimpleModeTest -->
