<?xml version="1.0" encoding="UTF-8"?>
<!-- Generated by org.testng.reporters.JUnitReportReporter -->
<testsuite hostname="gh-PC" name="sos.SosTest" tests="2" failures="0" timestamp="13 Mar 2020 09:21:09 GMT" time="54.668" errors="0">
  <testcase name="handLocationSendSos" time="0.003" classname="sos.SosTest"/>
  <testcase name="locationSendSos" time="54.665" classname="sos.SosTest"/>
</testsuite> <!-- sos.SosTest -->
