<?xml version="1.0" encoding="UTF-8"?>
<!-- Generated by org.testng.reporters.JUnitReportReporter -->
<testsuite hostname="gh-PC" name="notepad.NotepadTest" tests="4" failures="0" timestamp="31 Mar 2020 06:44:59 GMT" time="86.299" errors="0">
  <testcase name="createPictureNote" time="28.019" classname="notepad.NotepadTest"/>
  <testcase name="createHandwritingNote" time="15.763" classname="notepad.NotepadTest"/>
  <testcase name="createTextNote" time="20.001" classname="notepad.NotepadTest"/>
  <testcase name="createRecordingNote" time="22.516" classname="notepad.NotepadTest"/>
</testsuite> <!-- notepad.NotepadTest -->
