<?xml version="1.0" encoding="UTF-8"?>
<!-- Generated by org.testng.reporters.JUnitReportReporter -->
<testsuite hostname="gh-PC" name="camera.CameraTest" tests="5" failures="0" timestamp="31 Mar 2020 06:44:59 GMT" time="109.766" errors="0">
  <testcase name="openCamera" time="4.837" classname="camera.CameraTest"/>
  <testcase name="rearCamera" time="20.500" classname="camera.CameraTest"/>
  <testcase name="frontCamera" time="23.239" classname="camera.CameraTest"/>
  <testcase name="rearVideo" time="31.172" classname="camera.CameraTest"/>
  <testcase name="frontVideo" time="30.018" classname="camera.CameraTest"/>
</testsuite> <!-- camera.CameraTest -->
