<?xml version="1.0" encoding="UTF-8"?>
<!-- Generated by org.testng.reporters.JUnitReportReporter -->
<testsuite hostname="gh-PC" name="others.OthersTest" tests="2" failures="0" timestamp="18 Mar 2020 08:23:15 GMT" time="269.575" errors="0">
  <testcase name="sosToNormalMode" time="134.994" classname="others.OthersTest"/>
  <testcase name="sosToNormalMode" time="134.581" classname="others.OthersTest"/>
</testsuite> <!-- others.OthersTest -->
